已經開始建置於 2016/12/21 下午 10:55:03。
     1>節點 2 (Build 目標) 上的專案 "c:\Users\Lab-PC10\documents\visual studio 2013\Projects\DataminingHw3_HIT\DataminingHw3_HIT\DataminingHw3_HIT.vcxproj"。
     1>ClCompile:
         C:\Program Files (x86)\Microsoft Visual Studio 12.0\VC\bin\CL.exe /c /ZI /nologo /W3 /WX- /sdl /Od /Oy- /D _MBCS /Gm /EHsc /RTC1 /MDd /GS /fp:precise /Zc:wchar_t /Zc:forScope /Fo"Debug\\" /Fd"Debug\vc120.pdb" /Gd /TP /analyze- /errorReport:prompt HIT.cpp
         HIT.cpp
     1>c:\users\lab-pc10\documents\visual studio 2013\projects\datamininghw3_hit\datamininghw3_hit\hit.cpp(89): warning C4018: '<' : signed/unsigned 不相符
     1>c:\users\lab-pc10\documents\visual studio 2013\projects\datamininghw3_hit\datamininghw3_hit\hit.cpp(108): warning C4018: '<' : signed/unsigned 不相符
     1>c:\users\lab-pc10\documents\visual studio 2013\projects\datamininghw3_hit\datamininghw3_hit\hit.cpp(124): warning C4018: '<' : signed/unsigned 不相符
     1>c:\users\lab-pc10\documents\visual studio 2013\projects\datamininghw3_hit\datamininghw3_hit\hit.cpp(139): warning C4018: '<' : signed/unsigned 不相符
     1>c:\users\lab-pc10\documents\visual studio 2013\projects\datamininghw3_hit\datamininghw3_hit\hit.cpp(154): warning C4018: '<' : signed/unsigned 不相符
     1>c:\users\lab-pc10\documents\visual studio 2013\projects\datamininghw3_hit\datamininghw3_hit\hit.cpp(156): warning C4018: '<' : signed/unsigned 不相符
     1>c:\users\lab-pc10\documents\visual studio 2013\projects\datamininghw3_hit\datamininghw3_hit\hit.cpp(173): warning C4018: '<' : signed/unsigned 不相符
     1>c:\users\lab-pc10\documents\visual studio 2013\projects\datamininghw3_hit\datamininghw3_hit\hit.cpp(175): warning C4018: '<' : signed/unsigned 不相符
     1>c:\users\lab-pc10\documents\visual studio 2013\projects\datamininghw3_hit\datamininghw3_hit\hit.cpp(177): warning C4018: '<' : signed/unsigned 不相符
     1>c:\users\lab-pc10\documents\visual studio 2013\projects\datamininghw3_hit\datamininghw3_hit\hit.cpp(186): warning C4018: '<' : signed/unsigned 不相符
     1>c:\users\lab-pc10\documents\visual studio 2013\projects\datamininghw3_hit\datamininghw3_hit\hit.cpp(188): warning C4018: '<' : signed/unsigned 不相符
     1>c:\users\lab-pc10\documents\visual studio 2013\projects\datamininghw3_hit\datamininghw3_hit\hit.cpp(219): warning C4018: '<' : signed/unsigned 不相符
     1>c:\users\lab-pc10\documents\visual studio 2013\projects\datamininghw3_hit\datamininghw3_hit\hit.cpp(222): warning C4018: '<' : signed/unsigned 不相符
     1>c:\users\lab-pc10\documents\visual studio 2013\projects\datamininghw3_hit\datamininghw3_hit\hit.cpp(228): warning C4018: '<' : signed/unsigned 不相符
     1>c:\users\lab-pc10\documents\visual studio 2013\projects\datamininghw3_hit\datamininghw3_hit\hit.cpp(244): warning C4018: '<' : signed/unsigned 不相符
     1>c:\users\lab-pc10\documents\visual studio 2013\projects\datamininghw3_hit\datamininghw3_hit\hit.cpp(271): warning C4018: '<' : signed/unsigned 不相符
     1>c:\users\lab-pc10\documents\visual studio 2013\projects\datamininghw3_hit\datamininghw3_hit\hit.cpp(274): warning C4018: '<' : signed/unsigned 不相符
     1>c:\users\lab-pc10\documents\visual studio 2013\projects\datamininghw3_hit\datamininghw3_hit\hit.cpp(277): warning C4018: '<' : signed/unsigned 不相符
       Link:
         C:\Program Files (x86)\Microsoft Visual Studio 12.0\VC\bin\link.exe /ERRORREPORT:PROMPT /OUT:"c:\users\lab-pc10\documents\visual studio 2013\Projects\DataminingHw3_HIT\Debug\DataminingHw3_HIT.exe" /INCREMENTAL /NOLOGO kernel32.lib user32.lib gdi32.lib winspool.lib comdlg32.lib advapi32.lib shell32.lib ole32.lib oleaut32.lib uuid.lib odbc32.lib odbccp32.lib /MANIFEST /MANIFESTUAC:"level='asInvoker' uiAccess='false'" /manifest:embed /DEBUG /PDB:"c:\users\lab-pc10\documents\visual studio 2013\Projects\DataminingHw3_HIT\Debug\DataminingHw3_HIT.pdb" /TLBID:1 /DYNAMICBASE /NXCOMPAT /IMPLIB:"c:\users\lab-pc10\documents\visual studio 2013\Projects\DataminingHw3_HIT\Debug\DataminingHw3_HIT.lib" /MACHINE:X86 Debug\HIT.obj
         DataminingHw3_HIT.vcxproj -> c:\users\lab-pc10\documents\visual studio 2013\Projects\DataminingHw3_HIT\Debug\DataminingHw3_HIT.exe
     1>專案 "c:\Users\Lab-PC10\documents\visual studio 2013\Projects\DataminingHw3_HIT\DataminingHw3_HIT\DataminingHw3_HIT.vcxproj" (Build 目標) 建置完成。

建置成功。

經過時間 00:00:01.16
